#
# There is insufficient memory for the Java Runtime Environment to continue.
# Native memory allocation (malloc) failed to allocate 1248912 bytes for Chunk::new
# Possible reasons:
#   The system is out of physical RAM or swap space
#   The process is running with CompressedOops enabled, and the Java Heap may be blocking the growth of the native heap
# Possible solutions:
#   Reduce memory load on the system
#   Increase physical memory or swap space
#   Check if swap backing store is full
#   Decrease Java heap size (-Xmx/-Xms)
#   Decrease number of Java threads
#   Decrease Java thread stack sizes (-Xss)
#   Set larger code cache with -XX:ReservedCodeCacheSize=
#   JVM is running with Unscaled Compressed Oops mode in which the Java heap is
#     placed in the first 4GB address space. The Java Heap base address is the
#     maximum limit for the native heap growth. Please use -XX:HeapBaseMinAddress
#     to set the Java Heap base and to place the Java Heap above 4GB virtual address.
# This output file may be truncated or incomplete.
#
#  Out of Memory Error (arena.cpp:189), pid=26596, tid=29568
#
# JRE version: OpenJDK Runtime Environment Temurin-17.0.4.1+1 (17.0.4.1+1) (build 17.0.4.1+1)
# Java VM: OpenJDK 64-Bit Server VM Temurin-17.0.4.1+1 (17.0.4.1+1, mixed mode, tiered, compressed oops, compressed class ptrs, g1 gc, windows-amd64)
# No core dump will be written. Minidumps are not enabled by default on client versions of Windows
#

---------------  S U M M A R Y ------------

Command Line: -Dfile.encoding=UTF-8 --module-path=C:\Users\André\eclipse-workspace\JavaProgramacaoAplicada\bin;C:\Users\André\eclipse-workspace\JavaProgramacaoAplicada\libs\postgresql-42.7.2.jar -XX:+ShowCodeDetailsInExceptionMessages -Djdk.module.main=ProjetoProgramacaoAplicada ProjetoProgramacaoAplicada/pastaPrincipal.Main

Host: 11th Gen Intel(R) Core(TM) i5-1135G7 @ 2.40GHz, 8 cores, 7G,  Windows 10 , 64 bit Build 19041 (10.0.19041.3636)
Time: Sun Mar 31 23:56:25 2024 Hora de Verão de GMT elapsed time: 2.179023 seconds (0d 0h 0m 2s)

---------------  T H R E A D  ---------------

Current thread (0x000001d7cd852460):  JavaThread "C2 CompilerThread0" daemon [_thread_in_native, id=29568, stack(0x0000004edcd00000,0x0000004edce00000)]


Current CompileTask:
C2:   2179  836 % !   4       com.sun.crypto.provider.PBKDF2KeyImpl::deriveKey @ 191 (295 bytes)

Stack: [0x0000004edcd00000,0x0000004edce00000]
Native frames: (J=compiled Java code, j=interpreted, Vv=VM code, C=native code)
V  [jvm.dll+0x67731a]
V  [jvm.dll+0x832284]
V  [jvm.dll+0x833a2e]
V  [jvm.dll+0x834093]
V  [jvm.dll+0x245775]
V  [jvm.dll+0xabd7b]
V  [jvm.dll+0xac30c]
V  [jvm.dll+0x363a97]
V  [jvm.dll+0x1bbbd2]
V  [jvm.dll+0x2187d9]
V  [jvm.dll+0x217aa1]
V  [jvm.dll+0x1a3f8d]
V  [jvm.dll+0x227498]
V  [jvm.dll+0x2255e5]
V  [jvm.dll+0x7e7e9b]
V  [jvm.dll+0x7e240a]
V  [jvm.dll+0x6761a5]
C  [ucrtbase.dll+0x21bb2]
C  [KERNEL32.DLL+0x17344]
C  [ntdll.dll+0x526b1]


---------------  P R O C E S S  ---------------

Threads class SMR info:
_java_thread_list=0x000001d7d28c4ed0, length=13, elements={
0x000001d7b30c5ad0, 0x000001d7cd8273f0, 0x000001d7cd827f30, 0x000001d7cce6e2a0,
0x000001d7cce6eb60, 0x000001d7cce72050, 0x000001d7cce73540, 0x000001d7cd852460,
0x000001d7cd854180, 0x000001d7cd866e80, 0x000001d7ccdfb4d0, 0x000001d7cdafdeb0,
0x000001d7cdcf8f90
}

Java Threads: ( => current thread )
  0x000001d7b30c5ad0 JavaThread "main" [_thread_in_native, id=32296, stack(0x0000004edc000000,0x0000004edc100000)]
  0x000001d7cd8273f0 JavaThread "Reference Handler" daemon [_thread_blocked, id=28900, stack(0x0000004edc700000,0x0000004edc800000)]
  0x000001d7cd827f30 JavaThread "Finalizer" daemon [_thread_blocked, id=11768, stack(0x0000004edc800000,0x0000004edc900000)]
  0x000001d7cce6e2a0 JavaThread "Signal Dispatcher" daemon [_thread_blocked, id=32492, stack(0x0000004edc900000,0x0000004edca00000)]
  0x000001d7cce6eb60 JavaThread "Attach Listener" daemon [_thread_blocked, id=21932, stack(0x0000004edca00000,0x0000004edcb00000)]
  0x000001d7cce72050 JavaThread "Service Thread" daemon [_thread_blocked, id=21916, stack(0x0000004edcb00000,0x0000004edcc00000)]
  0x000001d7cce73540 JavaThread "Monitor Deflation Thread" daemon [_thread_blocked, id=7848, stack(0x0000004edcc00000,0x0000004edcd00000)]
=>0x000001d7cd852460 JavaThread "C2 CompilerThread0" daemon [_thread_in_native, id=29568, stack(0x0000004edcd00000,0x0000004edce00000)]
  0x000001d7cd854180 JavaThread "C1 CompilerThread0" daemon [_thread_blocked, id=36252, stack(0x0000004edce00000,0x0000004edcf00000)]
  0x000001d7cd866e80 JavaThread "Sweeper thread" daemon [_thread_blocked, id=32604, stack(0x0000004edcf00000,0x0000004edd000000)]
  0x000001d7ccdfb4d0 JavaThread "Common-Cleaner" daemon [_thread_blocked, id=33280, stack(0x0000004edd000000,0x0000004edd100000)]
  0x000001d7cdafdeb0 JavaThread "Notification Thread" daemon [_thread_blocked, id=1164, stack(0x0000004edd100000,0x0000004edd200000)]
  0x000001d7cdcf8f90 JavaThread "PostgreSQL-JDBC-Cleaner" daemon [_thread_blocked, id=21928, stack(0x0000004edd400000,0x0000004edd500000)]

Other Threads:
  0x000001d7cd813900 VMThread "VM Thread" [stack: 0x0000004edc600000,0x0000004edc700000] [id=13764]
  0x000001d7cdb0e3e0 WatcherThread [stack: 0x0000004edd200000,0x0000004edd300000] [id=18096]
  0x000001d7b311ef30 GCTaskThread "GC Thread#0" [stack: 0x0000004edc100000,0x0000004edc200000] [id=29092]
  0x000001d7b312f400 ConcurrentGCThread "G1 Main Marker" [stack: 0x0000004edc200000,0x0000004edc300000] [id=21264]
  0x000001d7b31304c0 ConcurrentGCThread "G1 Conc#0" [stack: 0x0000004edc300000,0x0000004edc400000] [id=36704]
  0x000001d7b319ebd0 ConcurrentGCThread "G1 Refine#0" [stack: 0x0000004edc400000,0x0000004edc500000] [id=33728]
  0x000001d7cccb5630 ConcurrentGCThread "G1 Service" [stack: 0x0000004edc500000,0x0000004edc600000] [id=32364]

Threads with active compile tasks:
C2 CompilerThread0     2244  836 % !   4       com.sun.crypto.provider.PBKDF2KeyImpl::deriveKey @ 191 (295 bytes)

VM state: not at safepoint (normal execution)

VM Mutex/Monitor currently owned by a thread: None

Heap address: 0x0000000084c00000, size: 1972 MB, Compressed Oops mode: 32-bit

CDS archive(s) not mapped
Compressed class space mapped at: 0x0000000100000000-0x0000000140000000, reserved size: 1073741824
Narrow klass base: 0x0000000000000000, Narrow klass shift: 3, Narrow klass range: 0x140000000

GC Precious Log:
 CPUs: 8 total, 8 available
 Memory: 7886M
 Large Page Support: Disabled
 NUMA Support: Disabled
 Compressed Oops: Enabled (32-bit)
 Heap Region Size: 1M
 Heap Min Capacity: 8M
 Heap Initial Capacity: 124M
 Heap Max Capacity: 1972M
 Pre-touch: Disabled
 Parallel Workers: 8
 Concurrent Workers: 2
 Concurrent Refinement Workers: 8
 Periodic GC: Disabled

Heap:
 garbage-first heap   total 126976K, used 13312K [0x0000000084c00000, 0x0000000100000000)
  region size 1024K, 15 young (15360K), 0 survivors (0K)
 Metaspace       used 13747K, committed 13888K, reserved 1064960K
  class space    used 1325K, committed 1408K, reserved 1048576K

Heap Regions: E=young(eden), S=young(survivor), O=old, HS=humongous(starts), HC=humongous(continues), CS=collection set, F=free, OA=open archive, CA=closed archive, TAMS=top-at-mark-start (previous, next)
|   0|0x0000000084c00000, 0x0000000084c00000, 0x0000000084d00000|  0%| F|  |TAMS 0x0000000084c00000, 0x0000000084c00000| Untracked 
|   1|0x0000000084d00000, 0x0000000084d00000, 0x0000000084e00000|  0%| F|  |TAMS 0x0000000084d00000, 0x0000000084d00000| Untracked 
|   2|0x0000000084e00000, 0x0000000084e00000, 0x0000000084f00000|  0%| F|  |TAMS 0x0000000084e00000, 0x0000000084e00000| Untracked 
|   3|0x0000000084f00000, 0x0000000084f00000, 0x0000000085000000|  0%| F|  |TAMS 0x0000000084f00000, 0x0000000084f00000| Untracked 
|   4|0x0000000085000000, 0x0000000085000000, 0x0000000085100000|  0%| F|  |TAMS 0x0000000085000000, 0x0000000085000000| Untracked 
|   5|0x0000000085100000, 0x0000000085100000, 0x0000000085200000|  0%| F|  |TAMS 0x0000000085100000, 0x0000000085100000| Untracked 
|   6|0x0000000085200000, 0x0000000085200000, 0x0000000085300000|  0%| F|  |TAMS 0x0000000085200000, 0x0000000085200000| Untracked 
|   7|0x0000000085300000, 0x0000000085300000, 0x0000000085400000|  0%| F|  |TAMS 0x0000000085300000, 0x0000000085300000| Untracked 
|   8|0x0000000085400000, 0x0000000085400000, 0x0000000085500000|  0%| F|  |TAMS 0x0000000085400000, 0x0000000085400000| Untracked 
|   9|0x0000000085500000, 0x0000000085500000, 0x0000000085600000|  0%| F|  |TAMS 0x0000000085500000, 0x0000000085500000| Untracked 
|  10|0x0000000085600000, 0x0000000085600000, 0x0000000085700000|  0%| F|  |TAMS 0x0000000085600000, 0x0000000085600000| Untracked 
|  11|0x0000000085700000, 0x0000000085700000, 0x0000000085800000|  0%| F|  |TAMS 0x0000000085700000, 0x0000000085700000| Untracked 
|  12|0x0000000085800000, 0x0000000085800000, 0x0000000085900000|  0%| F|  |TAMS 0x0000000085800000, 0x0000000085800000| Untracked 
|  13|0x0000000085900000, 0x0000000085900000, 0x0000000085a00000|  0%| F|  |TAMS 0x0000000085900000, 0x0000000085900000| Untracked 
|  14|0x0000000085a00000, 0x0000000085a00000, 0x0000000085b00000|  0%| F|  |TAMS 0x0000000085a00000, 0x0000000085a00000| Untracked 
|  15|0x0000000085b00000, 0x0000000085b00000, 0x0000000085c00000|  0%| F|  |TAMS 0x0000000085b00000, 0x0000000085b00000| Untracked 
|  16|0x0000000085c00000, 0x0000000085c00000, 0x0000000085d00000|  0%| F|  |TAMS 0x0000000085c00000, 0x0000000085c00000| Untracked 
|  17|0x0000000085d00000, 0x0000000085d00000, 0x0000000085e00000|  0%| F|  |TAMS 0x0000000085d00000, 0x0000000085d00000| Untracked 
|  18|0x0000000085e00000, 0x0000000085e00000, 0x0000000085f00000|  0%| F|  |TAMS 0x0000000085e00000, 0x0000000085e00000| Untracked 
|  19|0x0000000085f00000, 0x0000000085f00000, 0x0000000086000000|  0%| F|  |TAMS 0x0000000085f00000, 0x0000000085f00000| Untracked 
|  20|0x0000000086000000, 0x0000000086000000, 0x0000000086100000|  0%| F|  |TAMS 0x0000000086000000, 0x0000000086000000| Untracked 
|  21|0x0000000086100000, 0x0000000086100000, 0x0000000086200000|  0%| F|  |TAMS 0x0000000086100000, 0x0000000086100000| Untracked 
|  22|0x0000000086200000, 0x0000000086200000, 0x0000000086300000|  0%| F|  |TAMS 0x0000000086200000, 0x0000000086200000| Untracked 
|  23|0x0000000086300000, 0x0000000086300000, 0x0000000086400000|  0%| F|  |TAMS 0x0000000086300000, 0x0000000086300000| Untracked 
|  24|0x0000000086400000, 0x0000000086400000, 0x0000000086500000|  0%| F|  |TAMS 0x0000000086400000, 0x0000000086400000| Untracked 
|  25|0x0000000086500000, 0x0000000086500000, 0x0000000086600000|  0%| F|  |TAMS 0x0000000086500000, 0x0000000086500000| Untracked 
|  26|0x0000000086600000, 0x0000000086600000, 0x0000000086700000|  0%| F|  |TAMS 0x0000000086600000, 0x0000000086600000| Untracked 
|  27|0x0000000086700000, 0x0000000086700000, 0x0000000086800000|  0%| F|  |TAMS 0x0000000086700000, 0x0000000086700000| Untracked 
|  28|0x0000000086800000, 0x0000000086800000, 0x0000000086900000|  0%| F|  |TAMS 0x0000000086800000, 0x0000000086800000| Untracked 
|  29|0x0000000086900000, 0x0000000086900000, 0x0000000086a00000|  0%| F|  |TAMS 0x0000000086900000, 0x0000000086900000| Untracked 
|  30|0x0000000086a00000, 0x0000000086a00000, 0x0000000086b00000|  0%| F|  |TAMS 0x0000000086a00000, 0x0000000086a00000| Untracked 
|  31|0x0000000086b00000, 0x0000000086b00000, 0x0000000086c00000|  0%| F|  |TAMS 0x0000000086b00000, 0x0000000086b00000| Untracked 
|  32|0x0000000086c00000, 0x0000000086c00000, 0x0000000086d00000|  0%| F|  |TAMS 0x0000000086c00000, 0x0000000086c00000| Untracked 
|  33|0x0000000086d00000, 0x0000000086d00000, 0x0000000086e00000|  0%| F|  |TAMS 0x0000000086d00000, 0x0000000086d00000| Untracked 
|  34|0x0000000086e00000, 0x0000000086e00000, 0x0000000086f00000|  0%| F|  |TAMS 0x0000000086e00000, 0x0000000086e00000| Untracked 
|  35|0x0000000086f00000, 0x0000000086f00000, 0x0000000087000000|  0%| F|  |TAMS 0x0000000086f00000, 0x0000000086f00000| Untracked 
|  36|0x0000000087000000, 0x0000000087000000, 0x0000000087100000|  0%| F|  |TAMS 0x0000000087000000, 0x0000000087000000| Untracked 
|  37|0x0000000087100000, 0x0000000087100000, 0x0000000087200000|  0%| F|  |TAMS 0x0000000087100000, 0x0000000087100000| Untracked 
|  38|0x0000000087200000, 0x0000000087200000, 0x0000000087300000|  0%| F|  |TAMS 0x0000000087200000, 0x0000000087200000| Untracked 
|  39|0x0000000087300000, 0x0000000087300000, 0x0000000087400000|  0%| F|  |TAMS 0x0000000087300000, 0x0000000087300000| Untracked 
|  40|0x0000000087400000, 0x0000000087400000, 0x0000000087500000|  0%| F|  |TAMS 0x0000000087400000, 0x0000000087400000| Untracked 
|  41|0x0000000087500000, 0x0000000087500000, 0x0000000087600000|  0%| F|  |TAMS 0x0000000087500000, 0x0000000087500000| Untracked 
|  42|0x0000000087600000, 0x0000000087600000, 0x0000000087700000|  0%| F|  |TAMS 0x0000000087600000, 0x0000000087600000| Untracked 
|  43|0x0000000087700000, 0x0000000087700000, 0x0000000087800000|  0%| F|  |TAMS 0x0000000087700000, 0x0000000087700000| Untracked 
|  44|0x0000000087800000, 0x0000000087800000, 0x0000000087900000|  0%| F|  |TAMS 0x0000000087800000, 0x0000000087800000| Untracked 
|  45|0x0000000087900000, 0x0000000087900000, 0x0000000087a00000|  0%| F|  |TAMS 0x0000000087900000, 0x0000000087900000| Untracked 
|  46|0x0000000087a00000, 0x0000000087a00000, 0x0000000087b00000|  0%| F|  |TAMS 0x0000000087a00000, 0x0000000087a00000| Untracked 
|  47|0x0000000087b00000, 0x0000000087b00000, 0x0000000087c00000|  0%| F|  |TAMS 0x0000000087b00000, 0x0000000087b00000| Untracked 
|  48|0x0000000087c00000, 0x0000000087c00000, 0x0000000087d00000|  0%| F|  |TAMS 0x0000000087c00000, 0x0000000087c00000| Untracked 
|  49|0x0000000087d00000, 0x0000000087d00000, 0x0000000087e00000|  0%| F|  |TAMS 0x0000000087d00000, 0x0000000087d00000| Untracked 
|  50|0x0000000087e00000, 0x0000000087e00000, 0x0000000087f00000|  0%| F|  |TAMS 0x0000000087e00000, 0x0000000087e00000| Untracked 
|  51|0x0000000087f00000, 0x0000000087f00000, 0x0000000088000000|  0%| F|  |TAMS 0x0000000087f00000, 0x0000000087f00000| Untracked 
|  52|0x0000000088000000, 0x0000000088000000, 0x0000000088100000|  0%| F|  |TAMS 0x0000000088000000, 0x0000000088000000| Untracked 
|  53|0x0000000088100000, 0x0000000088100000, 0x0000000088200000|  0%| F|  |TAMS 0x0000000088100000, 0x0000000088100000| Untracked 
|  54|0x0000000088200000, 0x0000000088200000, 0x0000000088300000|  0%| F|  |TAMS 0x0000000088200000, 0x0000000088200000| Untracked 
|  55|0x0000000088300000, 0x0000000088300000, 0x0000000088400000|  0%| F|  |TAMS 0x0000000088300000, 0x0000000088300000| Untracked 
|  56|0x0000000088400000, 0x0000000088400000, 0x0000000088500000|  0%| F|  |TAMS 0x0000000088400000, 0x0000000088400000| Untracked 
|  57|0x0000000088500000, 0x0000000088500000, 0x0000000088600000|  0%| F|  |TAMS 0x0000000088500000, 0x0000000088500000| Untracked 
|  58|0x0000000088600000, 0x0000000088600000, 0x0000000088700000|  0%| F|  |TAMS 0x0000000088600000, 0x0000000088600000| Untracked 
|  59|0x0000000088700000, 0x0000000088700000, 0x0000000088800000|  0%| F|  |TAMS 0x0000000088700000, 0x0000000088700000| Untracked 
|  60|0x0000000088800000, 0x0000000088800000, 0x0000000088900000|  0%| F|  |TAMS 0x0000000088800000, 0x0000000088800000| Untracked 
|  61|0x0000000088900000, 0x0000000088900000, 0x0000000088a00000|  0%| F|  |TAMS 0x0000000088900000, 0x0000000088900000| Untracked 
|  62|0x0000000088a00000, 0x0000000088a00000, 0x0000000088b00000|  0%| F|  |TAMS 0x0000000088a00000, 0x0000000088a00000| Untracked 
|  63|0x0000000088b00000, 0x0000000088b00000, 0x0000000088c00000|  0%| F|  |TAMS 0x0000000088b00000, 0x0000000088b00000| Untracked 
|  64|0x0000000088c00000, 0x0000000088c00000, 0x0000000088d00000|  0%| F|  |TAMS 0x0000000088c00000, 0x0000000088c00000| Untracked 
|  65|0x0000000088d00000, 0x0000000088d00000, 0x0000000088e00000|  0%| F|  |TAMS 0x0000000088d00000, 0x0000000088d00000| Untracked 
|  66|0x0000000088e00000, 0x0000000088e00000, 0x0000000088f00000|  0%| F|  |TAMS 0x0000000088e00000, 0x0000000088e00000| Untracked 
|  67|0x0000000088f00000, 0x0000000088f00000, 0x0000000089000000|  0%| F|  |TAMS 0x0000000088f00000, 0x0000000088f00000| Untracked 
|  68|0x0000000089000000, 0x0000000089000000, 0x0000000089100000|  0%| F|  |TAMS 0x0000000089000000, 0x0000000089000000| Untracked 
|  69|0x0000000089100000, 0x0000000089100000, 0x0000000089200000|  0%| F|  |TAMS 0x0000000089100000, 0x0000000089100000| Untracked 
|  70|0x0000000089200000, 0x0000000089200000, 0x0000000089300000|  0%| F|  |TAMS 0x0000000089200000, 0x0000000089200000| Untracked 
|  71|0x0000000089300000, 0x0000000089300000, 0x0000000089400000|  0%| F|  |TAMS 0x0000000089300000, 0x0000000089300000| Untracked 
|  72|0x0000000089400000, 0x0000000089400000, 0x0000000089500000|  0%| F|  |TAMS 0x0000000089400000, 0x0000000089400000| Untracked 
|  73|0x0000000089500000, 0x0000000089500000, 0x0000000089600000|  0%| F|  |TAMS 0x0000000089500000, 0x0000000089500000| Untracked 
|  74|0x0000000089600000, 0x0000000089600000, 0x0000000089700000|  0%| F|  |TAMS 0x0000000089600000, 0x0000000089600000| Untracked 
|  75|0x0000000089700000, 0x0000000089700000, 0x0000000089800000|  0%| F|  |TAMS 0x0000000089700000, 0x0000000089700000| Untracked 
|  76|0x0000000089800000, 0x0000000089800000, 0x0000000089900000|  0%| F|  |TAMS 0x0000000089800000, 0x0000000089800000| Untracked 
|  77|0x0000000089900000, 0x0000000089900000, 0x0000000089a00000|  0%| F|  |TAMS 0x0000000089900000, 0x0000000089900000| Untracked 
|  78|0x0000000089a00000, 0x0000000089a00000, 0x0000000089b00000|  0%| F|  |TAMS 0x0000000089a00000, 0x0000000089a00000| Untracked 
|  79|0x0000000089b00000, 0x0000000089b00000, 0x0000000089c00000|  0%| F|  |TAMS 0x0000000089b00000, 0x0000000089b00000| Untracked 
|  80|0x0000000089c00000, 0x0000000089c00000, 0x0000000089d00000|  0%| F|  |TAMS 0x0000000089c00000, 0x0000000089c00000| Untracked 
|  81|0x0000000089d00000, 0x0000000089d00000, 0x0000000089e00000|  0%| F|  |TAMS 0x0000000089d00000, 0x0000000089d00000| Untracked 
|  82|0x0000000089e00000, 0x0000000089e00000, 0x0000000089f00000|  0%| F|  |TAMS 0x0000000089e00000, 0x0000000089e00000| Untracked 
|  83|0x0000000089f00000, 0x0000000089f00000, 0x000000008a000000|  0%| F|  |TAMS 0x0000000089f00000, 0x0000000089f00000| Untracked 
|  84|0x000000008a000000, 0x000000008a000000, 0x000000008a100000|  0%| F|  |TAMS 0x000000008a000000, 0x000000008a000000| Untracked 
|  85|0x000000008a100000, 0x000000008a100000, 0x000000008a200000|  0%| F|  |TAMS 0x000000008a100000, 0x000000008a100000| Untracked 
|  86|0x000000008a200000, 0x000000008a200000, 0x000000008a300000|  0%| F|  |TAMS 0x000000008a200000, 0x000000008a200000| Untracked 
|  87|0x000000008a300000, 0x000000008a300000, 0x000000008a400000|  0%| F|  |TAMS 0x000000008a300000, 0x000000008a300000| Untracked 
|  88|0x000000008a400000, 0x000000008a400000, 0x000000008a500000|  0%| F|  |TAMS 0x000000008a400000, 0x000000008a400000| Untracked 
|  89|0x000000008a500000, 0x000000008a500000, 0x000000008a600000|  0%| F|  |TAMS 0x000000008a500000, 0x000000008a500000| Untracked 
|  90|0x000000008a600000, 0x000000008a600000, 0x000000008a700000|  0%| F|  |TAMS 0x000000008a600000, 0x000000008a600000| Untracked 
|  91|0x000000008a700000, 0x000000008a700000, 0x000000008a800000|  0%| F|  |TAMS 0x000000008a700000, 0x000000008a700000| Untracked 
|  92|0x000000008a800000, 0x000000008a800000, 0x000000008a900000|  0%| F|  |TAMS 0x000000008a800000, 0x000000008a800000| Untracked 
|  93|0x000000008a900000, 0x000000008a900000, 0x000000008aa00000|  0%| F|  |TAMS 0x000000008a900000, 0x000000008a900000| Untracked 
|  94|0x000000008aa00000, 0x000000008aa00000, 0x000000008ab00000|  0%| F|  |TAMS 0x000000008aa00000, 0x000000008aa00000| Untracked 
|  95|0x000000008ab00000, 0x000000008ab00000, 0x000000008ac00000|  0%| F|  |TAMS 0x000000008ab00000, 0x000000008ab00000| Untracked 
|  96|0x000000008ac00000, 0x000000008ac00000, 0x000000008ad00000|  0%| F|  |TAMS 0x000000008ac00000, 0x000000008ac00000| Untracked 
|  97|0x000000008ad00000, 0x000000008ad00000, 0x000000008ae00000|  0%| F|  |TAMS 0x000000008ad00000, 0x000000008ad00000| Untracked 
|  98|0x000000008ae00000, 0x000000008ae00000, 0x000000008af00000|  0%| F|  |TAMS 0x000000008ae00000, 0x000000008ae00000| Untracked 
|  99|0x000000008af00000, 0x000000008af00000, 0x000000008b000000|  0%| F|  |TAMS 0x000000008af00000, 0x000000008af00000| Untracked 
| 100|0x000000008b000000, 0x000000008b000000, 0x000000008b100000|  0%| F|  |TAMS 0x000000008b000000, 0x000000008b000000| Untracked 
| 101|0x000000008b100000, 0x000000008b100000, 0x000000008b200000|  0%| F|  |TAMS 0x000000008b100000, 0x000000008b100000| Untracked 
| 102|0x000000008b200000, 0x000000008b200000, 0x000000008b300000|  0%| F|  |TAMS 0x000000008b200000, 0x000000008b200000| Untracked 
| 103|0x000000008b300000, 0x000000008b300000, 0x000000008b400000|  0%| F|  |TAMS 0x000000008b300000, 0x000000008b300000| Untracked 
| 104|0x000000008b400000, 0x000000008b400000, 0x000000008b500000|  0%| F|  |TAMS 0x000000008b400000, 0x000000008b400000| Untracked 
| 105|0x000000008b500000, 0x000000008b500000, 0x000000008b600000|  0%| F|  |TAMS 0x000000008b500000, 0x000000008b500000| Untracked 
| 106|0x000000008b600000, 0x000000008b600000, 0x000000008b700000|  0%| F|  |TAMS 0x000000008b600000, 0x000000008b600000| Untracked 
| 107|0x000000008b700000, 0x000000008b700000, 0x000000008b800000|  0%| F|  |TAMS 0x000000008b700000, 0x000000008b700000| Untracked 
| 108|0x000000008b800000, 0x000000008b800000, 0x000000008b900000|  0%| F|  |TAMS 0x000000008b800000, 0x000000008b800000| Untracked 
| 109|0x000000008b900000, 0x000000008b976b30, 0x000000008ba00000| 46%| E|  |TAMS 0x000000008b900000, 0x000000008b900000| Complete 
| 110|0x000000008ba00000, 0x000000008bb00000, 0x000000008bb00000|100%| E|CS|TAMS 0x000000008ba00000, 0x000000008ba00000| Complete 
| 111|0x000000008bb00000, 0x000000008bc00000, 0x000000008bc00000|100%| E|CS|TAMS 0x000000008bb00000, 0x000000008bb00000| Complete 
| 112|0x000000008bc00000, 0x000000008bd00000, 0x000000008bd00000|100%| E|  |TAMS 0x000000008bc00000, 0x000000008bc00000| Complete 
| 113|0x000000008bd00000, 0x000000008be00000, 0x000000008be00000|100%| E|CS|TAMS 0x000000008bd00000, 0x000000008bd00000| Complete 
| 114|0x000000008be00000, 0x000000008bf00000, 0x000000008bf00000|100%| E|CS|TAMS 0x000000008be00000, 0x000000008be00000| Complete 
| 115|0x000000008bf00000, 0x000000008c000000, 0x000000008c000000|100%| E|CS|TAMS 0x000000008bf00000, 0x000000008bf00000| Complete 
| 116|0x000000008c000000, 0x000000008c100000, 0x000000008c100000|100%| E|CS|TAMS 0x000000008c000000, 0x000000008c000000| Complete 
| 117|0x000000008c100000, 0x000000008c200000, 0x000000008c200000|100%| E|CS|TAMS 0x000000008c100000, 0x000000008c100000| Complete 
| 118|0x000000008c200000, 0x000000008c300000, 0x000000008c300000|100%| E|CS|TAMS 0x000000008c200000, 0x000000008c200000| Complete 
| 119|0x000000008c300000, 0x000000008c400000, 0x000000008c400000|100%| E|CS|TAMS 0x000000008c300000, 0x000000008c300000| Complete 
| 120|0x000000008c400000, 0x000000008c500000, 0x000000008c500000|100%| E|CS|TAMS 0x000000008c400000, 0x000000008c400000| Complete 
| 121|0x000000008c500000, 0x000000008c600000, 0x000000008c600000|100%| E|CS|TAMS 0x000000008c500000, 0x000000008c500000| Complete 
| 122|0x000000008c600000, 0x000000008c700000, 0x000000008c700000|100%| E|CS|TAMS 0x000000008c600000, 0x000000008c600000| Complete 
| 123|0x000000008c700000, 0x000000008c800000, 0x000000008c800000|100%| E|CS|TAMS 0x000000008c700000, 0x000000008c700000| Complete 

Card table byte_map: [0x000001d7c5ea0000,0x000001d7c6280000] _byte_map_base: 0x000001d7c5a7a000

Marking Bits (Prev, Next): (CMBitMap*) 0x000001d7b311f450, (CMBitMap*) 0x000001d7b311f490
 Prev Bits: [0x000001d7c6660000, 0x000001d7c8530000)
 Next Bits: [0x000001d7c8530000, 0x000001d7ca400000)

Polling page: 0x000001d7b1050000

Metaspace:

Usage:
  Non-class:     12.13 MB used.
      Class:      1.29 MB used.
       Both:     13.42 MB used.

Virtual space:
  Non-class space:       16.00 MB reserved,      12.19 MB ( 76%) committed,  2 nodes.
      Class space:        1.00 GB reserved,       1.38 MB ( <1%) committed,  1 nodes.
             Both:        1.02 GB reserved,      13.56 MB (  1%) committed. 

Chunk freelists:
   Non-Class:  2.88 MB
       Class:  2.64 MB
        Both:  5.51 MB

MaxMetaspaceSize: unlimited
CompressedClassSpaceSize: 1.00 GB
Initial GC threshold: 21.00 MB
Current GC threshold: 21.00 MB
CDS: off
MetaspaceReclaimPolicy: balanced
 - commit_granule_bytes: 65536.
 - commit_granule_words: 8192.
 - virtual_space_node_default_size: 1048576.
 - enlarge_chunks_in_place: 1.
 - new_chunks_are_fully_committed: 0.
 - uncommit_free_chunks: 1.
 - use_allocation_guard: 0.
 - handle_deallocations: 1.


Internal statistics:

num_allocs_failed_limit: 0.
num_arena_births: 70.
num_arena_deaths: 0.
num_vsnodes_births: 3.
num_vsnodes_deaths: 0.
num_space_committed: 217.
num_space_uncommitted: 0.
num_chunks_returned_to_freelist: 0.
num_chunks_taken_from_freelist: 187.
num_chunk_merges: 0.
num_chunk_splits: 109.
num_chunks_enlarged: 77.
num_purges: 0.
num_inconsistent_stats: 0.

CodeHeap 'non-profiled nmethods': size=120000Kb used=268Kb max_used=268Kb free=119731Kb
 bounds [0x000001d7be260000, 0x000001d7be4d0000, 0x000001d7c5790000]
CodeHeap 'profiled nmethods': size=120000Kb used=1636Kb max_used=1636Kb free=118363Kb
 bounds [0x000001d7b6d30000, 0x000001d7b6fa0000, 0x000001d7be260000]
CodeHeap 'non-nmethods': size=5760Kb used=1176Kb max_used=1179Kb free=4583Kb
 bounds [0x000001d7b6790000, 0x000001d7b6a00000, 0x000001d7b6d30000]
 total_blobs=1412 nmethods=953 adapters=372
 compilation: enabled
              stopped_count=0, restarted_count=0
 full_count=0

Compilation events (20 events):
Event: 2.147 Thread 0x000001d7cd854180  866       3       java.lang.StringLatin1::inflate (34 bytes)
Event: 2.147 Thread 0x000001d7cd854180 nmethod 866 0x000001d7b6e8d110 code [0x000001d7b6e8d2c0, 0x000001d7b6e8d4d8]
Event: 2.147 Thread 0x000001d7cd854180  871       3       java.lang.StringLatin1::compareTo (52 bytes)
Event: 2.147 Thread 0x000001d7cd854180 nmethod 871 0x000001d7b6e8d690 code [0x000001d7b6e8d860, 0x000001d7b6e8dc38]
Event: 2.147 Thread 0x000001d7cd854180  867       3       java.lang.StringLatin1::getChar (9 bytes)
Event: 2.147 Thread 0x000001d7cd854180 nmethod 867 0x000001d7b6e8de10 code [0x000001d7b6e8dfa0, 0x000001d7b6e8e0b8]
Event: 2.147 Thread 0x000001d7cd854180  869       3       java.lang.String::compareTo (63 bytes)
Event: 2.147 Thread 0x000001d7cd854180 nmethod 869 0x000001d7b6e8e190 code [0x000001d7b6e8e3a0, 0x000001d7b6e8e838]
Event: 2.147 Thread 0x000001d7cd854180  868       3       java.lang.String::compareTo (9 bytes)
Event: 2.147 Thread 0x000001d7cd854180 nmethod 868 0x000001d7b6e8ea10 code [0x000001d7b6e8ebc0, 0x000001d7b6e8ede8]
Event: 2.147 Thread 0x000001d7cd854180  870       3       java.lang.StringLatin1::compareTo (14 bytes)
Event: 2.147 Thread 0x000001d7cd854180 nmethod 870 0x000001d7b6e8ee90 code [0x000001d7b6e8f040, 0x000001d7b6e8f168]
Event: 2.147 Thread 0x000001d7cd854180  872       3       java.io.InputStream::<init> (5 bytes)
Event: 2.147 Thread 0x000001d7cd854180 nmethod 872 0x000001d7b6e8f290 code [0x000001d7b6e8f420, 0x000001d7b6e8f578]
Event: 2.148 Thread 0x000001d7cd854180  873   !   3       jdk.internal.loader.BuiltinClassLoader::defineClass (162 bytes)
Event: 2.150 Thread 0x000001d7cd854180 nmethod 873 0x000001d7b6e8f610 code [0x000001d7b6e8fa40, 0x000001d7b6e91818]
Event: 2.150 Thread 0x000001d7cd854180  874   !   3       jdk.internal.ref.PhantomCleanable::remove (60 bytes)
Event: 2.150 Thread 0x000001d7cd854180 nmethod 874 0x000001d7b6e92710 code [0x000001d7b6e928c0, 0x000001d7b6e92cd8]
Event: 2.150 Thread 0x000001d7cd854180  875       3       java.lang.ref.Reference::clear (5 bytes)
Event: 2.150 Thread 0x000001d7cd854180 nmethod 875 0x000001d7b6e92e90 code [0x000001d7b6e93020, 0x000001d7b6e93168]

GC Heap History (0 events):
No events

Deoptimization events (20 events):
Event: 2.081 Thread 0x000001d7b30c5ad0 DEOPT PACKING pc=0x000001d7b6e64abd sp=0x0000004edc0fe0d0
Event: 2.081 Thread 0x000001d7b30c5ad0 DEOPT UNPACKING pc=0x000001d7b67e6763 sp=0x0000004edc0fd558 mode 0
Event: 2.081 Thread 0x000001d7b30c5ad0 DEOPT PACKING pc=0x000001d7b6e64643 sp=0x0000004edc0fe220
Event: 2.081 Thread 0x000001d7b30c5ad0 DEOPT UNPACKING pc=0x000001d7b67e6763 sp=0x0000004edc0fd6a8 mode 0
Event: 2.082 Thread 0x000001d7b30c5ad0 Uncommon trap: trap_request=0xffffff45 fr.pc=0x000001d7be29d2d0 relative=0x0000000000000930
Event: 2.082 Thread 0x000001d7b30c5ad0 Uncommon trap: reason=unstable_if action=reinterpret pc=0x000001d7be29d2d0 method=sun.security.provider.SHA2.implCompress0([BI)V @ 4 c2
Event: 2.082 Thread 0x000001d7b30c5ad0 DEOPT PACKING pc=0x000001d7be29d2d0 sp=0x0000004edc0fe390
Event: 2.082 Thread 0x000001d7b30c5ad0 DEOPT UNPACKING pc=0x000001d7b67e5c23 sp=0x0000004edc0fe2c0 mode 2
Event: 2.139 Thread 0x000001d7b30c5ad0 Uncommon trap: trap_request=0xffffff45 fr.pc=0x000001d7be29a0b8 relative=0x0000000000000378
Event: 2.139 Thread 0x000001d7b30c5ad0 Uncommon trap: reason=unstable_if action=reinterpret pc=0x000001d7be29a0b8 method=java.lang.Integer.parseInt(Ljava/lang/String;I)I @ 119 c2
Event: 2.139 Thread 0x000001d7b30c5ad0 DEOPT PACKING pc=0x000001d7be29a0b8 sp=0x0000004edc0fea80
Event: 2.139 Thread 0x000001d7b30c5ad0 DEOPT UNPACKING pc=0x000001d7b67e5c23 sp=0x0000004edc0fe9f8 mode 2
Event: 2.148 Thread 0x000001d7b30c5ad0 Uncommon trap: trap_request=0xffffff45 fr.pc=0x000001d7be297d64 relative=0x00000000000000c4
Event: 2.148 Thread 0x000001d7b30c5ad0 Uncommon trap: reason=unstable_if action=reinterpret pc=0x000001d7be297d64 method=java.lang.CharacterDataLatin1.digit(II)I @ 7 c2
Event: 2.148 Thread 0x000001d7b30c5ad0 DEOPT PACKING pc=0x000001d7be297d64 sp=0x0000004edc0fe7e0
Event: 2.148 Thread 0x000001d7b30c5ad0 DEOPT UNPACKING pc=0x000001d7b67e5c23 sp=0x0000004edc0fe6a0 mode 2
Event: 2.148 Thread 0x000001d7b30c5ad0 Uncommon trap: trap_request=0xffffff45 fr.pc=0x000001d7be2981b4 relative=0x0000000000000094
Event: 2.148 Thread 0x000001d7b30c5ad0 Uncommon trap: reason=unstable_if action=reinterpret pc=0x000001d7be2981b4 method=java.lang.CharacterDataLatin1.digit(II)I @ 7 c2
Event: 2.148 Thread 0x000001d7b30c5ad0 DEOPT PACKING pc=0x000001d7be2981b4 sp=0x0000004edc0fe740
Event: 2.148 Thread 0x000001d7b30c5ad0 DEOPT UNPACKING pc=0x000001d7b67e5c23 sp=0x0000004edc0fe6c0 mode 2

Classes unloaded (0 events):
No events

Classes redefined (0 events):
No events

Internal exceptions (20 events):
Event: 0.145 Thread 0x000001d7b30c5ad0 Exception <a 'java/lang/NoSuchMethodError'{0x000000008c56d630}: 'void java.lang.invoke.DirectMethodHandle$Holder.invokeStatic(java.lang.Object, java.lang.Object, java.lang.Object, java.lang.Object)'> (0x000000008c56d630) 
thrown [s\src\hotspot\share\interpreter\linkResolver.cpp, line 759]
Event: 0.164 Thread 0x000001d7b30c5ad0 Exception <a 'java/lang/NoSuchMethodError'{0x000000008c5fa848}: 'java.lang.Object java.lang.invoke.DirectMethodHandle$Holder.invokeStaticInit(java.lang.Object)'> (0x000000008c5fa848) 
thrown [s\src\hotspot\share\interpreter\linkResolver.cpp, line 759]
Event: 0.164 Thread 0x000001d7b30c5ad0 Exception <a 'java/lang/NoSuchMethodError'{0x000000008c400bd8}: 'java.lang.Object java.lang.invoke.Invokers$Holder.invoke_MT(java.lang.Object, java.lang.Object, java.lang.Object)'> (0x000000008c400bd8) 
thrown [s\src\hotspot\share\interpreter\linkResolver.cpp, line 759]
Event: 1.745 Thread 0x000001d7b30c5ad0 Exception <a 'sun/nio/fs/WindowsException'{0x000000008c4f4998}> (0x000000008c4f4998) 
thrown [s\src\hotspot\share\prims\jni.cpp, line 516]
Event: 1.753 Thread 0x000001d7b30c5ad0 Exception <a 'sun/nio/fs/WindowsException'{0x000000008c345b38}> (0x000000008c345b38) 
thrown [s\src\hotspot\share\prims\jni.cpp, line 516]
Event: 1.768 Thread 0x000001d7b30c5ad0 Exception <a 'java/lang/NoSuchMethodError'{0x000000008c3bde20}: 'java.lang.Object java.lang.invoke.DirectMethodHandle$Holder.invokeVirtual(java.lang.Object, java.lang.Object, java.lang.Object, java.lang.Object)'> (0x000000008c3bde20) 
thrown [s\src\hotspot\share\interpreter\linkResolver.cpp, line 759]
Event: 1.776 Thread 0x000001d7b30c5ad0 Exception <a 'java/lang/NoSuchMethodError'{0x000000008c24a7c8}: 'int java.lang.invoke.DirectMethodHandle$Holder.invokeStatic(java.lang.Object, java.lang.Object, java.lang.Object, java.lang.Object)'> (0x000000008c24a7c8) 
thrown [s\src\hotspot\share\interpreter\linkResolver.cpp, line 759]
Event: 1.777 Thread 0x000001d7b30c5ad0 Exception <a 'java/lang/NoSuchMethodError'{0x000000008c24dd28}: 'int java.lang.invoke.DirectMethodHandle$Holder.invokeStaticInit(java.lang.Object, java.lang.Object, java.lang.Object, java.lang.Object)'> (0x000000008c24dd28) 
thrown [s\src\hotspot\share\interpreter\linkResolver.cpp, line 759]
Event: 1.777 Thread 0x000001d7b30c5ad0 Exception <a 'java/lang/IncompatibleClassChangeError'{0x000000008c256c00}: Found class java.lang.Object, but interface was expected> (0x000000008c256c00) 
thrown [s\src\hotspot\share\interpreter\linkResolver.cpp, line 826]
Event: 1.777 Thread 0x000001d7b30c5ad0 Exception <a 'java/lang/NoSuchMethodError'{0x000000008c2598a8}: 'void java.lang.invoke.DirectMethodHandle$Holder.invokeStatic(java.lang.Object, java.lang.Object)'> (0x000000008c2598a8) 
thrown [s\src\hotspot\share\interpreter\linkResolver.cpp, line 759]
Event: 1.778 Thread 0x000001d7b30c5ad0 Exception <a 'java/lang/NoSuchMethodError'{0x000000008c25cc00}: 'void java.lang.invoke.DirectMethodHandle$Holder.invokeStaticInit(java.lang.Object, java.lang.Object)'> (0x000000008c25cc00) 
thrown [s\src\hotspot\share\interpreter\linkResolver.cpp, line 759]
Event: 1.778 Thread 0x000001d7b30c5ad0 Exception <a 'java/lang/NoSuchMethodError'{0x000000008c262718}: 'int java.lang.invoke.DirectMethodHandle$Holder.invokeStaticInit(java.lang.Object, java.lang.Object)'> (0x000000008c262718) 
thrown [s\src\hotspot\share\interpreter\linkResolver.cpp, line 759]
Event: 1.800 Thread 0x000001d7b30c5ad0 Exception <a 'java/lang/ClassNotFoundException'{0x000000008c123150}: jdk/net/ExtendedSocketOptions> (0x000000008c123150) 
thrown [s\src\hotspot\share\classfile\systemDictionary.cpp, line 256]
Event: 1.841 Thread 0x000001d7b30c5ad0 Exception <a 'java/lang/NoSuchMethodError'{0x000000008c165058}: 'int java.lang.invoke.DirectMethodHandle$Holder.invokeSpecial(java.lang.Object, java.lang.Object, java.lang.Object)'> (0x000000008c165058) 
thrown [s\src\hotspot\share\interpreter\linkResolver.cpp, line 759]
Event: 1.954 Thread 0x000001d7b30c5ad0 Exception <a 'java/lang/NoSuchMethodError'{0x000000008c06bdf0}: 'java.lang.Object java.lang.invoke.DirectMethodHandle$Holder.invokeStaticInit(java.lang.Object, int, int, int, int)'> (0x000000008c06bdf0) 
thrown [s\src\hotspot\share\interpreter\linkResolver.cpp, line 759]
Event: 1.992 Thread 0x000001d7b30c5ad0 Exception <a 'java/lang/NoSuchMethodError'{0x000000008bf53370}: 'java.lang.Object java.lang.invoke.DirectMethodHandle$Holder.invokeStaticInit(java.lang.Object, java.lang.Object, int, int, int, int)'> (0x000000008bf53370) 
thrown [s\src\hotspot\share\interpreter\linkResolver.cpp, line 759]
Event: 2.054 Thread 0x000001d7b30c5ad0 Exception <a 'sun/nio/fs/WindowsException'{0x000000008bd8dd98}> (0x000000008bd8dd98) 
thrown [s\src\hotspot\share\prims\jni.cpp, line 516]
Event: 2.058 Thread 0x000001d7b30c5ad0 Exception <a 'sun/nio/fs/WindowsException'{0x000000008bda2d70}> (0x000000008bda2d70) 
thrown [s\src\hotspot\share\prims\jni.cpp, line 516]
Event: 2.081 Thread 0x000001d7b30c5ad0 Exception <a 'java/lang/NoSuchMethodError'{0x000000008bdd6250}: 'void java.lang.invoke.DirectMethodHandle$Holder.invokeStatic(java.lang.Object, java.lang.Object, java.lang.Object)'> (0x000000008bdd6250) 
thrown [s\src\hotspot\share\interpreter\linkResolver.cpp, line 759]
Event: 2.082 Thread 0x000001d7b30c5ad0 Implicit null exception at 0x000001d7be29c9d9 to 0x000001d7be29d2b4

VM Operations (14 events):
Event: 0.124 Executing VM operation: HandshakeAllThreads
Event: 0.124 Executing VM operation: HandshakeAllThreads done
Event: 0.143 Executing VM operation: HandshakeAllThreads
Event: 0.143 Executing VM operation: HandshakeAllThreads done
Event: 0.180 Executing VM operation: HandshakeAllThreads
Event: 0.180 Executing VM operation: HandshakeAllThreads done
Event: 1.185 Executing VM operation: Cleanup
Event: 1.185 Executing VM operation: Cleanup done
Event: 1.798 Executing VM operation: HandshakeAllThreads
Event: 1.798 Executing VM operation: HandshakeAllThreads done
Event: 2.046 Executing VM operation: HandshakeAllThreads
Event: 2.046 Executing VM operation: HandshakeAllThreads done
Event: 2.055 Executing VM operation: HandshakeAllThreads
Event: 2.055 Executing VM operation: HandshakeAllThreads done

Events (20 events):
Event: 2.145 loading class java/time/LocalDateTime
Event: 2.145 loading class java/time/LocalDateTime done
Event: 2.145 loading class java/time/LocalDate
Event: 2.146 loading class java/time/LocalDate done
Event: 2.146 loading class java/time/LocalDateTime$1
Event: 2.146 loading class java/time/LocalDateTime$1 done
Event: 2.146 loading class java/time/Period
Event: 2.146 loading class java/time/chrono/ChronoPeriod
Event: 2.146 loading class java/time/chrono/ChronoPeriod done
Event: 2.146 loading class java/time/Period done
Event: 2.146 loading class java/time/chrono/IsoEra
Event: 2.146 loading class java/time/chrono/Era
Event: 2.146 loading class java/time/chrono/Era done
Event: 2.146 loading class java/time/chrono/IsoEra done
Event: 2.146 loading class java/time/LocalDate$1
Event: 2.146 loading class java/time/LocalDate$1 done
Event: 2.146 loading class java/time/Instant
Event: 2.146 loading class java/time/Instant done
Event: 2.146 loading class java/time/Instant$1
Event: 2.146 loading class java/time/Instant$1 done


Dynamic libraries:
0x00007ff7e7260000 - 0x00007ff7e726e000 	C:\Users\André\.p2\pool\plugins\org.eclipse.justj.openjdk.hotspot.jre.full.win32.x86_64_17.0.4.v20221004-1257\jre\bin\javaw.exe
0x00007ffa3bfd0000 - 0x00007ffa3c1c8000 	C:\Windows\SYSTEM32\ntdll.dll
0x00007ffa3bda0000 - 0x00007ffa3be5d000 	C:\Windows\System32\KERNEL32.DLL
0x00007ffa39880000 - 0x00007ffa39b76000 	C:\Windows\System32\KERNELBASE.dll
0x00007ffa39cb0000 - 0x00007ffa39db0000 	C:\Windows\System32\ucrtbase.dll
0x00007ffa33700000 - 0x00007ffa33718000 	C:\Users\André\.p2\pool\plugins\org.eclipse.justj.openjdk.hotspot.jre.full.win32.x86_64_17.0.4.v20221004-1257\jre\bin\jli.dll
0x00007ffa1fb00000 - 0x00007ffa1fb19000 	C:\Users\André\.p2\pool\plugins\org.eclipse.justj.openjdk.hotspot.jre.full.win32.x86_64_17.0.4.v20221004-1257\jre\bin\VCRUNTIME140.dll
0x00007ffa3b250000 - 0x00007ffa3b3ee000 	C:\Windows\System32\USER32.dll
0x00007ffa39fd0000 - 0x00007ffa39ff2000 	C:\Windows\System32\win32u.dll
0x00007ffa2b8c0000 - 0x00007ffa2bb5a000 	C:\Windows\WinSxS\amd64_microsoft.windows.common-controls_6595b64144ccf1df_6.0.19041.3636_none_60b6a03d71f818d5\COMCTL32.dll
0x00007ffa3be60000 - 0x00007ffa3be8b000 	C:\Windows\System32\GDI32.dll
0x00007ffa39eb0000 - 0x00007ffa39fc7000 	C:\Windows\System32\gdi32full.dll
0x00007ffa3be90000 - 0x00007ffa3bf2e000 	C:\Windows\System32\msvcrt.dll
0x00007ffa39680000 - 0x00007ffa3971d000 	C:\Windows\System32\msvcp_win.dll
0x00007ffa3b880000 - 0x00007ffa3b8b2000 	C:\Windows\System32\IMM32.DLL
0x00007ffa2e990000 - 0x00007ffa2e99c000 	C:\Users\André\.p2\pool\plugins\org.eclipse.justj.openjdk.hotspot.jre.full.win32.x86_64_17.0.4.v20221004-1257\jre\bin\vcruntime140_1.dll
0x00007ff9f7af0000 - 0x00007ff9f7b81000 	C:\Users\André\.p2\pool\plugins\org.eclipse.justj.openjdk.hotspot.jre.full.win32.x86_64_17.0.4.v20221004-1257\jre\bin\msvcp140.dll
0x00007ff966670000 - 0x00007ff9672b6000 	C:\Users\André\.p2\pool\plugins\org.eclipse.justj.openjdk.hotspot.jre.full.win32.x86_64_17.0.4.v20221004-1257\jre\bin\server\jvm.dll
0x00007ffa3bcf0000 - 0x00007ffa3bda0000 	C:\Windows\System32\ADVAPI32.dll
0x00007ffa3a770000 - 0x00007ffa3a810000 	C:\Windows\System32\sechost.dll
0x00007ffa3b070000 - 0x00007ffa3b195000 	C:\Windows\System32\RPCRT4.dll
0x00007ffa39c80000 - 0x00007ffa39ca7000 	C:\Windows\System32\bcrypt.dll
0x00007ffa3aec0000 - 0x00007ffa3aec8000 	C:\Windows\System32\PSAPI.DLL
0x00007ffa31810000 - 0x00007ffa3181a000 	C:\Windows\SYSTEM32\VERSION.dll
0x00007ffa12880000 - 0x00007ffa12889000 	C:\Windows\SYSTEM32\WSOCK32.dll
0x00007ffa26490000 - 0x00007ffa264b7000 	C:\Windows\SYSTEM32\WINMM.dll
0x00007ffa3bb90000 - 0x00007ffa3bbfb000 	C:\Windows\System32\WS2_32.dll
0x00007ffa37e80000 - 0x00007ffa37e92000 	C:\Windows\SYSTEM32\kernel.appcore.dll
0x00007ffa2e8f0000 - 0x00007ffa2e8fa000 	C:\Users\André\.p2\pool\plugins\org.eclipse.justj.openjdk.hotspot.jre.full.win32.x86_64_17.0.4.v20221004-1257\jre\bin\jimage.dll
0x00007ffa37400000 - 0x00007ffa375e4000 	C:\Windows\SYSTEM32\DBGHELP.DLL
0x00007ffa26a80000 - 0x00007ffa26ab4000 	C:\Windows\SYSTEM32\dbgcore.DLL
0x00007ffa39b80000 - 0x00007ffa39c02000 	C:\Windows\System32\bcryptPrimitives.dll
0x00007ffa05bc0000 - 0x00007ffa05be5000 	C:\Users\André\.p2\pool\plugins\org.eclipse.justj.openjdk.hotspot.jre.full.win32.x86_64_17.0.4.v20221004-1257\jre\bin\java.dll
0x00007ffa1e910000 - 0x00007ffa1e928000 	C:\Users\André\.p2\pool\plugins\org.eclipse.justj.openjdk.hotspot.jre.full.win32.x86_64_17.0.4.v20221004-1257\jre\bin\zip.dll
0x00007ffa3a000000 - 0x00007ffa3a76b000 	C:\Windows\System32\SHELL32.dll
0x00007ffa375f0000 - 0x00007ffa37d8e000 	C:\Windows\SYSTEM32\windows.storage.dll
0x00007ffa3b520000 - 0x00007ffa3b873000 	C:\Windows\System32\combase.dll
0x00007ffa390b0000 - 0x00007ffa390de000 	C:\Windows\SYSTEM32\Wldp.dll
0x00007ffa3b3f0000 - 0x00007ffa3b4bd000 	C:\Windows\System32\OLEAUT32.dll
0x00007ffa3afc0000 - 0x00007ffa3b06d000 	C:\Windows\System32\SHCORE.dll
0x00007ffa3b4c0000 - 0x00007ffa3b515000 	C:\Windows\System32\shlwapi.dll
0x00007ffa395b0000 - 0x00007ffa395d5000 	C:\Windows\SYSTEM32\profapi.dll
0x00007ffa12c20000 - 0x00007ffa12c39000 	C:\Users\André\.p2\pool\plugins\org.eclipse.justj.openjdk.hotspot.jre.full.win32.x86_64_17.0.4.v20221004-1257\jre\bin\net.dll
0x00007ffa33b60000 - 0x00007ffa33c6a000 	C:\Windows\SYSTEM32\WINHTTP.dll
0x00007ffa38e10000 - 0x00007ffa38e7a000 	C:\Windows\system32\mswsock.dll
0x00007ff9f1b50000 - 0x00007ff9f1b65000 	C:\Users\André\.p2\pool\plugins\org.eclipse.justj.openjdk.hotspot.jre.full.win32.x86_64_17.0.4.v20221004-1257\jre\bin\nio.dll
0x00007ffa2d410000 - 0x00007ffa2d419000 	C:\Users\André\.p2\pool\plugins\org.eclipse.justj.openjdk.hotspot.jre.full.win32.x86_64_17.0.4.v20221004-1257\jre\bin\management.dll
0x00007ffa1f9c0000 - 0x00007ffa1f9cb000 	C:\Users\André\.p2\pool\plugins\org.eclipse.justj.openjdk.hotspot.jre.full.win32.x86_64_17.0.4.v20221004-1257\jre\bin\management_ext.dll
0x00007ffa39010000 - 0x00007ffa39028000 	C:\Windows\SYSTEM32\CRYPTSP.dll
0x00007ffa386a0000 - 0x00007ffa386d4000 	C:\Windows\system32\rsaenh.dll
0x00007ffa39570000 - 0x00007ffa3959e000 	C:\Windows\SYSTEM32\USERENV.dll
0x00007ffa39000000 - 0x00007ffa3900c000 	C:\Windows\SYSTEM32\CRYPTBASE.dll
0x00007ffa38ab0000 - 0x00007ffa38aeb000 	C:\Windows\SYSTEM32\IPHLPAPI.DLL
0x00007ffa3bce0000 - 0x00007ffa3bce8000 	C:\Windows\System32\NSI.dll
0x00007ffa2ec60000 - 0x00007ffa2ec77000 	C:\Windows\SYSTEM32\dhcpcsvc6.DLL
0x00007ffa2f1a0000 - 0x00007ffa2f1bd000 	C:\Windows\SYSTEM32\dhcpcsvc.DLL
0x00007ffa38af0000 - 0x00007ffa38bbb000 	C:\Windows\SYSTEM32\DNSAPI.dll

dbghelp: loaded successfully - version: 4.0.5 - missing functions: none
symbol engine: initialized successfully - sym options: 0x614 - pdb path: .;C:\Users\André\.p2\pool\plugins\org.eclipse.justj.openjdk.hotspot.jre.full.win32.x86_64_17.0.4.v20221004-1257\jre\bin;C:\Windows\SYSTEM32;C:\Windows\WinSxS\amd64_microsoft.windows.common-controls_6595b64144ccf1df_6.0.19041.3636_none_60b6a03d71f818d5;C:\Users\André\.p2\pool\plugins\org.eclipse.justj.openjdk.hotspot.jre.full.win32.x86_64_17.0.4.v20221004-1257\jre\bin\server

VM Arguments:
jvm_args: -Dfile.encoding=UTF-8 --module-path=C:\Users\André\eclipse-workspace\JavaProgramacaoAplicada\bin;C:\Users\André\eclipse-workspace\JavaProgramacaoAplicada\libs\postgresql-42.7.2.jar -XX:+ShowCodeDetailsInExceptionMessages -Djdk.module.main=ProjetoProgramacaoAplicada 
java_command: ProjetoProgramacaoAplicada/pastaPrincipal.Main
java_class_path (initial): <not set>
Launcher Type: SUN_STANDARD

[Global flags]
     intx CICompilerCount                          = 4                                         {product} {ergonomic}
     uint ConcGCThreads                            = 2                                         {product} {ergonomic}
     uint G1ConcRefinementThreads                  = 8                                         {product} {ergonomic}
   size_t G1HeapRegionSize                         = 1048576                                   {product} {ergonomic}
    uintx GCDrainStackTargetSize                   = 64                                        {product} {ergonomic}
   size_t InitialHeapSize                          = 130023424                                 {product} {ergonomic}
   size_t MarkStackSize                            = 4194304                                   {product} {ergonomic}
   size_t MaxHeapSize                              = 2067791872                                {product} {ergonomic}
   size_t MaxNewSize                               = 1240465408                                {product} {ergonomic}
   size_t MinHeapDeltaBytes                        = 1048576                                   {product} {ergonomic}
   size_t MinHeapSize                              = 8388608                                   {product} {ergonomic}
    uintx NonNMethodCodeHeapSize                   = 5839372                                {pd product} {ergonomic}
    uintx NonProfiledCodeHeapSize                  = 122909434                              {pd product} {ergonomic}
    uintx ProfiledCodeHeapSize                     = 122909434                              {pd product} {ergonomic}
    uintx ReservedCodeCacheSize                    = 251658240                              {pd product} {ergonomic}
     bool SegmentedCodeCache                       = true                                      {product} {ergonomic}
     bool ShowCodeDetailsInExceptionMessages       = true                                   {manageable} {command line}
   size_t SoftMaxHeapSize                          = 2067791872                             {manageable} {ergonomic}
     bool UseCompressedClassPointers               = true                           {product lp64_product} {ergonomic}
     bool UseCompressedOops                        = true                           {product lp64_product} {ergonomic}
     bool UseG1GC                                  = true                                      {product} {ergonomic}
     bool UseLargePagesIndividualAllocation        = false                                  {pd product} {ergonomic}

Logging:
Log output configuration:
 #0: stdout all=warning uptime,level,tags
 #1: stderr all=off uptime,level,tags

Environment Variables:
PATH=C:/Users/André/.p2/pool/plugins/org.eclipse.justj.openjdk.hotspot.jre.full.win32.x86_64_17.0.4.v20221004-1257/jre/bin/server;C:/Users/André/.p2/pool/plugins/org.eclipse.justj.openjdk.hotspot.jre.full.win32.x86_64_17.0.4.v20221004-1257/jre/bin;C:\Program Files\Common Files\Oracle\Java\javapath;C:\Windows\system32;C:\Windows;C:\Windows\System32\Wbem;C:\Windows\System32\WindowsPowerShell\v1.0\;C:\Windows\System32\OpenSSH\;C:\Program Files (x86)\NVIDIA Corporation\PhysX\Common;C:\Program Files\NVIDIA Corporation\NVIDIA NvDLISR;C:\Program Files (x86)\mingw-w64\i686-8.1.0-win32-dwarf-rt_v6-rev0\mingw32\bin;C:\Program Files (x86)\mingw-w64\i686-8.1.0-posix-dwarf-rt_v6-rev0\mingw32\bin;C:\Programas\Tesseract-OCR;C:\Program Files\PuTTY\;C:\Program Files\Docker\Docker\resources\bin;C:\Program Files\Microsoft SQL Server\150\Tools\Binn\;C:\Program Files\Microsoft SQL Server\Client SDK\ODBC\170\Tools\Binn\;C:\Program Files\dotnet\;C:\Users\Andre\Desktop\flutter\bin;C:\ProgramData\chocolatey\bin;C:\Program Files\Git\cmd;C:\Program Files\Portugal Identity Card\;C:\Users\André\AppData\Local\Microsoft\WindowsApps;C:\Users\André\AppData\Local\atom\bin;C:\Users\André\AppData\Local\Programs\Microsoft VS Code\bin;C:\Users\André\.dotnet\tools;C:\Users\André\AppData\Local\Microsoft\WinGet\Links;C:\ffmpeg\bin;C:\Program Files (x86)\GnuWin32\bin;C:\Users\André\AppData\Local\GitHubDesktop\bin;C:\Program Files\MySQL\MySQL Server 8.0\bin;;C:\Users\André\Desktop\2 ano\Programação;
USERNAME=André
OS=Windows_NT
PROCESSOR_IDENTIFIER=Intel64 Family 6 Model 140 Stepping 1, GenuineIntel
TMP=C:\Users\ANDR~1\AppData\Local\Temp
TEMP=C:\Users\ANDR~1\AppData\Local\Temp



---------------  S Y S T E M  ---------------

OS:
 Windows 10 , 64 bit Build 19041 (10.0.19041.3636)
OS uptime: 5 days 22:24 hours
Hyper-V role detected

CPU: total 8 (initial active 8) (4 cores per cpu, 2 threads per core) family 6 model 140 stepping 1 microcode 0x86, cx8, cmov, fxsr, ht, mmx, 3dnowpref, sse, sse2, sse3, ssse3, sse4.1, sse4.2, popcnt, lzcnt, tsc, tscinvbit, avx, avx2, aes, erms, clmul, bmi1, bmi2, adx, avx512f, avx512dq, avx512cd, avx512bw, avx512vl, sha, fma, vzeroupper, avx512_vpopcntdq, avx512_vpclmulqdq, avx512_vaes, avx512_vnni, clflush, clflushopt, clwb, avx512_vbmi2, avx512_vbmi, hv

Memory: 4k page, system-wide physical 7886M (293M free)
TotalPageFile size 32462M (AvailPageFile size 6M)
current process WorkingSet (physical memory assigned to process): 77M, peak: 77M
current process commit charge ("private bytes"): 228M, peak: 228M

vm_info: OpenJDK 64-Bit Server VM (17.0.4.1+1) for windows-amd64 JRE (17.0.4.1+1), built on Aug 17 2022 07:42:43 by "temurin" with MS VC++ 16.7 (VS2019)

END.
