#
# There is insufficient memory for the Java Runtime Environment to continue.
# Native memory allocation (mmap) failed to map 130023424 bytes for G1 virtual space
# Possible reasons:
#   The system is out of physical RAM or swap space
#   The process is running with CompressedOops enabled, and the Java Heap may be blocking the growth of the native heap
# Possible solutions:
#   Reduce memory load on the system
#   Increase physical memory or swap space
#   Check if swap backing store is full
#   Decrease Java heap size (-Xmx/-Xms)
#   Decrease number of Java threads
#   Decrease Java thread stack sizes (-Xss)
#   Set larger code cache with -XX:ReservedCodeCacheSize=
#   JVM is running with Unscaled Compressed Oops mode in which the Java heap is
#     placed in the first 4GB address space. The Java Heap base address is the
#     maximum limit for the native heap growth. Please use -XX:HeapBaseMinAddress
#     to set the Java Heap base and to place the Java Heap above 4GB virtual address.
# This output file may be truncated or incomplete.
#
#  Out of Memory Error (os_windows.cpp:3541), pid=14692, tid=21420
#
# JRE version:  (17.0.4.1+1) (build )
# Java VM: OpenJDK 64-Bit Server VM (17.0.4.1+1, mixed mode, sharing, tiered, compressed oops, compressed class ptrs, g1 gc, windows-amd64)
# No core dump will be written. Minidumps are not enabled by default on client versions of Windows
#

---------------  S U M M A R Y ------------

Command Line: -Dfile.encoding=UTF-8 --module-path=C:\Users\André\eclipse-workspace\JavaProgramacaoAplicada\bin;C:\Users\André\eclipse-workspace\JavaProgramacaoAplicada\libs\postgresql-42.7.2.jar -XX:+ShowCodeDetailsInExceptionMessages -Djdk.module.main=ProjetoProgramacaoAplicada ProjetoProgramacaoAplicada/pastaPrincipal.Main

Host: 11th Gen Intel(R) Core(TM) i5-1135G7 @ 2.40GHz, 8 cores, 7G,  Windows 10 , 64 bit Build 19041 (10.0.19041.3636)
Time: Mon Apr  1 00:02:14 2024 Hora de Verão de GMT elapsed time: 0.012221 seconds (0d 0h 0m 0s)

---------------  T H R E A D  ---------------

Current thread (0x000001d9701be580):  JavaThread "Unknown thread" [_thread_in_vm, id=21420, stack(0x000000575d400000,0x000000575d500000)]

Stack: [0x000000575d400000,0x000000575d500000]
Native frames: (J=compiled Java code, j=interpreted, Vv=VM code, C=native code)
V  [jvm.dll+0x67731a]
V  [jvm.dll+0x832284]
V  [jvm.dll+0x833a2e]
V  [jvm.dll+0x834093]
V  [jvm.dll+0x245775]
V  [jvm.dll+0x674209]
V  [jvm.dll+0x668a92]
V  [jvm.dll+0x30471b]
V  [jvm.dll+0x30bc66]
V  [jvm.dll+0x35ba9e]
V  [jvm.dll+0x35bccf]
V  [jvm.dll+0x2db5b8]
V  [jvm.dll+0x2dc524]
V  [jvm.dll+0x803db1]
V  [jvm.dll+0x3698f1]
V  [jvm.dll+0x7e31bc]
V  [jvm.dll+0x3ec25f]
V  [jvm.dll+0x3edde1]
C  [jli.dll+0x5277]
C  [ucrtbase.dll+0x21bb2]
C  [KERNEL32.DLL+0x17344]
C  [ntdll.dll+0x526b1]


---------------  P R O C E S S  ---------------

Threads class SMR info:
_java_thread_list=0x00007ff967184e98, length=0, elements={
}

Java Threads: ( => current thread )

Other Threads:
  0x000001d97227f2c0 GCTaskThread "GC Thread#0" [stack: 0x000000575d500000,0x000000575d600000] [id=34352]
  0x000001d972290020 ConcurrentGCThread "G1 Main Marker" [stack: 0x000000575d600000,0x000000575d700000] [id=16172]
  0x000001d972290a30 ConcurrentGCThread "G1 Conc#0" [stack: 0x000000575d700000,0x000000575d800000] [id=4940]

[error occurred during error reporting (printing all threads), id 0xc0000005, EXCEPTION_ACCESS_VIOLATION (0xc0000005) at pc=0x00007ff96695c047]

VM state: not at safepoint (not fully initialized)

VM Mutex/Monitor currently owned by a thread:  ([mutex/lock_event])
[0x000001d972223770] Heap_lock - owner thread: 0x000001d9701be580

Heap address: 0x0000000084c00000, size: 1972 MB, Compressed Oops mode: 32-bit

CDS archive(s) mapped at: [0x0000000000000000-0x0000000000000000-0x0000000000000000), size 0, SharedBaseAddress: 0x0000000800000000, ArchiveRelocationMode: 0.
Narrow klass base: 0x0000000000000000, Narrow klass shift: 0, Narrow klass range: 0x0

GC Precious Log:
<Empty>

Heap:
 garbage-first heap   total 0K, used 0K [0x0000000084c00000, 0x0000000100000000)
  region size 1024K, 0 young (0K), 0 survivors (0K)

[error occurred during error reporting (printing heap information), id 0xc0000005, EXCEPTION_ACCESS_VIOLATION (0xc0000005) at pc=0x00007ff966d40699]

GC Heap History (0 events):
No events

Deoptimization events (0 events):
No events

Classes unloaded (0 events):
No events

Classes redefined (0 events):
No events

Internal exceptions (0 events):
No events

VM Operations (0 events):
No events

Events (1 events):
Event: 0.007 Loaded shared library C:\Users\André\.p2\pool\plugins\org.eclipse.justj.openjdk.hotspot.jre.full.win32.x86_64_17.0.4.v20221004-1257\jre\bin\java.dll


Dynamic libraries:
0x00007ff7e7260000 - 0x00007ff7e726e000 	C:\Users\André\.p2\pool\plugins\org.eclipse.justj.openjdk.hotspot.jre.full.win32.x86_64_17.0.4.v20221004-1257\jre\bin\javaw.exe
0x00007ffa3bfd0000 - 0x00007ffa3c1c8000 	C:\Windows\SYSTEM32\ntdll.dll
0x00007ffa3bda0000 - 0x00007ffa3be5d000 	C:\Windows\System32\KERNEL32.DLL
0x00007ffa39880000 - 0x00007ffa39b76000 	C:\Windows\System32\KERNELBASE.dll
0x00007ffa39cb0000 - 0x00007ffa39db0000 	C:\Windows\System32\ucrtbase.dll
0x00007ffa33700000 - 0x00007ffa33718000 	C:\Users\André\.p2\pool\plugins\org.eclipse.justj.openjdk.hotspot.jre.full.win32.x86_64_17.0.4.v20221004-1257\jre\bin\jli.dll
0x00007ffa1fb00000 - 0x00007ffa1fb19000 	C:\Users\André\.p2\pool\plugins\org.eclipse.justj.openjdk.hotspot.jre.full.win32.x86_64_17.0.4.v20221004-1257\jre\bin\VCRUNTIME140.dll
0x00007ffa3b250000 - 0x00007ffa3b3ee000 	C:\Windows\System32\USER32.dll
0x00007ffa39fd0000 - 0x00007ffa39ff2000 	C:\Windows\System32\win32u.dll
0x00007ffa2b8c0000 - 0x00007ffa2bb5a000 	C:\Windows\WinSxS\amd64_microsoft.windows.common-controls_6595b64144ccf1df_6.0.19041.3636_none_60b6a03d71f818d5\COMCTL32.dll
0x00007ffa3be60000 - 0x00007ffa3be8b000 	C:\Windows\System32\GDI32.dll
0x00007ffa3be90000 - 0x00007ffa3bf2e000 	C:\Windows\System32\msvcrt.dll
0x00007ffa39eb0000 - 0x00007ffa39fc7000 	C:\Windows\System32\gdi32full.dll
0x00007ffa39680000 - 0x00007ffa3971d000 	C:\Windows\System32\msvcp_win.dll
0x00007ffa3b880000 - 0x00007ffa3b8b2000 	C:\Windows\System32\IMM32.DLL
0x00007ffa2e990000 - 0x00007ffa2e99c000 	C:\Users\André\.p2\pool\plugins\org.eclipse.justj.openjdk.hotspot.jre.full.win32.x86_64_17.0.4.v20221004-1257\jre\bin\vcruntime140_1.dll
0x00007ff9f7af0000 - 0x00007ff9f7b81000 	C:\Users\André\.p2\pool\plugins\org.eclipse.justj.openjdk.hotspot.jre.full.win32.x86_64_17.0.4.v20221004-1257\jre\bin\msvcp140.dll
0x00007ff966670000 - 0x00007ff9672b6000 	C:\Users\André\.p2\pool\plugins\org.eclipse.justj.openjdk.hotspot.jre.full.win32.x86_64_17.0.4.v20221004-1257\jre\bin\server\jvm.dll
0x00007ffa3bcf0000 - 0x00007ffa3bda0000 	C:\Windows\System32\ADVAPI32.dll
0x00007ffa3a770000 - 0x00007ffa3a810000 	C:\Windows\System32\sechost.dll
0x00007ffa3b070000 - 0x00007ffa3b195000 	C:\Windows\System32\RPCRT4.dll
0x00007ffa39c80000 - 0x00007ffa39ca7000 	C:\Windows\System32\bcrypt.dll
0x00007ffa3aec0000 - 0x00007ffa3aec8000 	C:\Windows\System32\PSAPI.DLL
0x00007ffa12880000 - 0x00007ffa12889000 	C:\Windows\SYSTEM32\WSOCK32.dll
0x00007ffa31810000 - 0x00007ffa3181a000 	C:\Windows\SYSTEM32\VERSION.dll
0x00007ffa26490000 - 0x00007ffa264b7000 	C:\Windows\SYSTEM32\WINMM.dll
0x00007ffa3bb90000 - 0x00007ffa3bbfb000 	C:\Windows\System32\WS2_32.dll
0x00007ffa37e80000 - 0x00007ffa37e92000 	C:\Windows\SYSTEM32\kernel.appcore.dll
0x00007ffa2e8f0000 - 0x00007ffa2e8fa000 	C:\Users\André\.p2\pool\plugins\org.eclipse.justj.openjdk.hotspot.jre.full.win32.x86_64_17.0.4.v20221004-1257\jre\bin\jimage.dll
0x00007ffa37400000 - 0x00007ffa375e4000 	C:\Windows\SYSTEM32\DBGHELP.DLL
0x00007ffa26a80000 - 0x00007ffa26ab4000 	C:\Windows\SYSTEM32\dbgcore.DLL
0x00007ffa39b80000 - 0x00007ffa39c02000 	C:\Windows\System32\bcryptPrimitives.dll
0x00007ffa05bc0000 - 0x00007ffa05be5000 	C:\Users\André\.p2\pool\plugins\org.eclipse.justj.openjdk.hotspot.jre.full.win32.x86_64_17.0.4.v20221004-1257\jre\bin\java.dll

dbghelp: loaded successfully - version: 4.0.5 - missing functions: none
symbol engine: initialized successfully - sym options: 0x614 - pdb path: .;C:\Users\André\.p2\pool\plugins\org.eclipse.justj.openjdk.hotspot.jre.full.win32.x86_64_17.0.4.v20221004-1257\jre\bin;C:\Windows\SYSTEM32;C:\Windows\WinSxS\amd64_microsoft.windows.common-controls_6595b64144ccf1df_6.0.19041.3636_none_60b6a03d71f818d5;C:\Users\André\.p2\pool\plugins\org.eclipse.justj.openjdk.hotspot.jre.full.win32.x86_64_17.0.4.v20221004-1257\jre\bin\server

VM Arguments:
jvm_args: -Dfile.encoding=UTF-8 --module-path=C:\Users\André\eclipse-workspace\JavaProgramacaoAplicada\bin;C:\Users\André\eclipse-workspace\JavaProgramacaoAplicada\libs\postgresql-42.7.2.jar -XX:+ShowCodeDetailsInExceptionMessages -Djdk.module.main=ProjetoProgramacaoAplicada 
java_command: ProjetoProgramacaoAplicada/pastaPrincipal.Main
java_class_path (initial): <not set>
Launcher Type: SUN_STANDARD

[Global flags]
     intx CICompilerCount                          = 4                                         {product} {ergonomic}
     uint ConcGCThreads                            = 2                                         {product} {ergonomic}
     uint G1ConcRefinementThreads                  = 8                                         {product} {ergonomic}
   size_t G1HeapRegionSize                         = 1048576                                   {product} {ergonomic}
    uintx GCDrainStackTargetSize                   = 64                                        {product} {ergonomic}
   size_t InitialHeapSize                          = 130023424                                 {product} {ergonomic}
   size_t MarkStackSize                            = 4194304                                   {product} {ergonomic}
   size_t MaxHeapSize                              = 2067791872                                {product} {ergonomic}
   size_t MinHeapDeltaBytes                        = 1048576                                   {product} {ergonomic}
   size_t MinHeapSize                              = 8388608                                   {product} {ergonomic}
    uintx NonNMethodCodeHeapSize                   = 5839372                                {pd product} {ergonomic}
    uintx NonProfiledCodeHeapSize                  = 122909434                              {pd product} {ergonomic}
    uintx ProfiledCodeHeapSize                     = 122909434                              {pd product} {ergonomic}
    uintx ReservedCodeCacheSize                    = 251658240                              {pd product} {ergonomic}
     bool SegmentedCodeCache                       = true                                      {product} {ergonomic}
     bool ShowCodeDetailsInExceptionMessages       = true                                   {manageable} {command line}
   size_t SoftMaxHeapSize                          = 2067791872                             {manageable} {ergonomic}
     bool UseCompressedClassPointers               = true                           {product lp64_product} {ergonomic}
     bool UseCompressedOops                        = true                           {product lp64_product} {ergonomic}
     bool UseG1GC                                  = true                                      {product} {ergonomic}
     bool UseLargePagesIndividualAllocation        = false                                  {pd product} {ergonomic}

Logging:
Log output configuration:
 #0: stdout all=warning uptime,level,tags
 #1: stderr all=off uptime,level,tags

Environment Variables:
PATH=C:/Users/André/.p2/pool/plugins/org.eclipse.justj.openjdk.hotspot.jre.full.win32.x86_64_17.0.4.v20221004-1257/jre/bin/server;C:/Users/André/.p2/pool/plugins/org.eclipse.justj.openjdk.hotspot.jre.full.win32.x86_64_17.0.4.v20221004-1257/jre/bin;C:\Program Files\Common Files\Oracle\Java\javapath;C:\Windows\system32;C:\Windows;C:\Windows\System32\Wbem;C:\Windows\System32\WindowsPowerShell\v1.0\;C:\Windows\System32\OpenSSH\;C:\Program Files (x86)\NVIDIA Corporation\PhysX\Common;C:\Program Files\NVIDIA Corporation\NVIDIA NvDLISR;C:\Program Files (x86)\mingw-w64\i686-8.1.0-win32-dwarf-rt_v6-rev0\mingw32\bin;C:\Program Files (x86)\mingw-w64\i686-8.1.0-posix-dwarf-rt_v6-rev0\mingw32\bin;C:\Programas\Tesseract-OCR;C:\Program Files\PuTTY\;C:\Program Files\Docker\Docker\resources\bin;C:\Program Files\Microsoft SQL Server\150\Tools\Binn\;C:\Program Files\Microsoft SQL Server\Client SDK\ODBC\170\Tools\Binn\;C:\Program Files\dotnet\;C:\Users\Andre\Desktop\flutter\bin;C:\ProgramData\chocolatey\bin;C:\Program Files\Git\cmd;C:\Program Files\Portugal Identity Card\;C:\Users\André\AppData\Local\Microsoft\WindowsApps;C:\Users\André\AppData\Local\atom\bin;C:\Users\André\AppData\Local\Programs\Microsoft VS Code\bin;C:\Users\André\.dotnet\tools;C:\Users\André\AppData\Local\Microsoft\WinGet\Links;C:\ffmpeg\bin;C:\Program Files (x86)\GnuWin32\bin;C:\Users\André\AppData\Local\GitHubDesktop\bin;C:\Program Files\MySQL\MySQL Server 8.0\bin;;C:\Users\André\Desktop\2 ano\Programação;
USERNAME=André
OS=Windows_NT
PROCESSOR_IDENTIFIER=Intel64 Family 6 Model 140 Stepping 1, GenuineIntel
TMP=C:\Users\ANDR~1\AppData\Local\Temp
TEMP=C:\Users\ANDR~1\AppData\Local\Temp



---------------  S Y S T E M  ---------------

OS:
 Windows 10 , 64 bit Build 19041 (10.0.19041.3636)
OS uptime: 5 days 22:30 hours
Hyper-V role detected

CPU: total 8 (initial active 8) (4 cores per cpu, 2 threads per core) family 6 model 140 stepping 1 microcode 0x86, cx8, cmov, fxsr, ht, mmx, 3dnowpref, sse, sse2, sse3, ssse3, sse4.1, sse4.2, popcnt, lzcnt, tsc, tscinvbit, avx, avx2, aes, erms, clmul, bmi1, bmi2, adx, avx512f, avx512dq, avx512cd, avx512bw, avx512vl, sha, fma, vzeroupper, avx512_vpopcntdq, avx512_vpclmulqdq, avx512_vaes, avx512_vnni, clflush, clflushopt, clwb, avx512_vbmi2, avx512_vbmi, hv

Memory: 4k page, system-wide physical 7886M (559M free)
TotalPageFile size 32462M (AvailPageFile size 46M)
current process WorkingSet (physical memory assigned to process): 10M, peak: 10M
current process commit charge ("private bytes"): 60M, peak: 184M

vm_info: OpenJDK 64-Bit Server VM (17.0.4.1+1) for windows-amd64 JRE (17.0.4.1+1), built on Aug 17 2022 07:42:43 by "temurin" with MS VC++ 16.7 (VS2019)

END.
